<?xml version="1.0" encoding="UTF-8"?>
<!-- Generated by org.testng.reporters.JUnitReportReporter -->
<testsuite skipped="0" hostname="MGHector.local" name="testscripts.TC_HM_002" tests="1" failures="0" timestamp="2021-04-05T20:40:22 IST" time="9.939" errors="0">
  <testcase name="TC_HM_002" time="9.939" classname="testscripts.TC_HM_002"/>
  <system-out/>
</testsuite> <!-- testscripts.TC_HM_002 -->
