<?xml version="1.0" encoding="UTF-8"?>
<!-- Generated by org.testng.reporters.JUnitReportReporter -->
<testsuite skipped="0" hostname="MGHector.local" name="testscripts.TC_LGN_001" tests="1" failures="0" timestamp="2021-04-05T20:25:12 IST" time="9.246" errors="0">
  <testcase name="TC_001" time="9.246" classname="testscripts.TC_LGN_001"/>
  <system-out/>
</testsuite> <!-- testscripts.TC_LGN_001 -->
